Arguments: 
  C:\Program Files\nodejs\node.exe C:\Users\david\AppData\Roaming\npm\node_modules\yarn\bin\yarn.js start

PATH: 
  C:\Program Files\Git\mingw64\bin;C:\Program Files\Git\usr\bin;C:\Users\david\bin;C:\Users\david\AppData\Roaming\npm;C:\Program Files\nodejs;C:\ProgramData\Oracle\Java\javapath;C:\Program Files (x86)\Common Files\Intel\Shared Libraries\redist\intel64\compiler;C:\Program Files (x86)\Intel\iCLS Client;C:\Program Files\Intel\iCLS Client;C:\windows\system32;C:\WINDOWS;C:\WINDOWS\System32\Wbem;C:\WINDOWS\System32\WindowsPowerShell\v1.0;C:\Program Files\Intel\Intel(R) Management Engine Components\DAL;C:\Program Files\Intel\Intel(R) Management Engine Components\IPT;C:\Program Files (x86)\Intel\Intel(R) Management Engine Components\DAL;C:\Program Files (x86)\Intel\Intel(R) Management Engine Components\IPT;C:\Program Files (x86)\Skype\Phone;C:\Program Files\nodejs;C:\Program Files\MySQL\MySQL Utilities 1.6;C:\ProgramData\chocolatey\bin;C:\Program Files\Git\;C:\Users\david\AppData\Local\.meteor;C:\Program Files\MySQL\MySQL Server 5.7\bin;C:\Program Files\MongoDB\Server\3.6\bin;C:\Users\david\AppData\Roaming\npm;C:\Users\david\AppData\Local\Android\Sdk\platform-tools;C:\Go\bin;C:\ProgramData\chocolatey\lib\Elixir\bin;C:\Users\david\AppData\Local\Programs\Python\Python36-32\Scripts;C:\Users\david\AppData\Local\Programs\Python\Python36-32;C:\Users\david\AppData\Local\Microsoft\WindowsApps;C:\Users\david\AppData\Roaming\npm;C:\Program Files\Microsoft VS Code\bin;C:\Program Files\Git\usr\bin\git.exe;C:\Users\david\AppData\Local\.meteor;C:\Users\david\AppData\Local;C:\Users\david\AppData\Local\Android\sdk\platform-tools;C:\Program Files\Heroku\bin

Yarn version: 
  1.5.1

Node version: 
  8.9.4

Platform: 
  win32 x64

npm manifest: 
  {
    "name": "users",
    "version": "1.0.0",
    "description": "",
    "main": "index.js",
    "scripts": {
      "test": "echo \"Error: no test specified\" && exit 1",
      "dev": "nodemon server.js",
      "json:server": "json-server --watch db.json"
    },
    "author": "",
    "license": "ISC",
    "dependencies": {
      "apollo-client": "^2.3.1",
      "axios": "^0.18.0",
      "body-parser": "^1.18.2",
      "connect-mongo": "^2.0.1",
      "express": "^4.16.3",
      "express-graphql": "^0.6.12",
      "express-session": "^1.15.6",
      "graphql": "^0.13.2",
      "json-server": "^0.12.2",
      "lodash": "^4.17.10",
      "mongoose": "^5.1.0",
      "nodemon": "^1.17.4",
      "passport": "^0.4.0",
      "passport-local": "^1.0.0",
      "react-apollo": "^2.1.4"
    }
  }

yarn manifest: 
  No manifest

Lockfile: 
  No lockfile

Trace: 
  Error: Command failed.
  Exit code: 1
  Command: C:\WINDOWS\system32\cmd.exe
  Arguments: /d /s /c node server.js
  Directory: C:\Users\david\Documents\Udemy\Stephen\graphql\users
  Output:
  
      at ProcessTermError.MessageError (C:\Users\david\AppData\Roaming\npm\node_modules\yarn\lib\cli.js:186:110)
      at new ProcessTermError (C:\Users\david\AppData\Roaming\npm\node_modules\yarn\lib\cli.js:226:113)
      at ChildProcess.<anonymous> (C:\Users\david\AppData\Roaming\npm\node_modules\yarn\lib\cli.js:30281:17)
      at emitTwo (events.js:126:13)
      at ChildProcess.emit (events.js:214:7)
      at maybeClose (internal/child_process.js:925:16)
      at Process.ChildProcess._handle.onexit (internal/child_process.js:209:5)
